<?xml version="1.0" encoding="UTF-8"?>
<!-- Generated by org.testng.reporters.JUnitReportReporter -->
<testsuite hostname="DESKTOP-PHIJUU9" failures="0" tests="5" name="Runner.TestRunner" time="87.163" errors="0" timestamp="2022-07-21T16:50:43 IST" skipped="0">
  <testcase classname="Runner.TestRunner" name="runScenario" time="10.023"/>
  <system-out/>
  <testcase classname="Runner.TestRunner" name="runScenario" time="12.886"/>
  <system-out/>
  <testcase classname="Runner.TestRunner" name="runScenario" time="39.584"/>
  <system-out/>
  <testcase classname="Runner.TestRunner" name="runScenario" time="9.331"/>
  <system-out/>
  <testcase classname="Runner.TestRunner" name="runScenario" time="15.339"/>
  <system-out/>
</testsuite> <!-- Runner.TestRunner -->
