<?xml version="1.0" encoding="UTF-8"?>
<!-- Generated by org.testng.reporters.JUnitReportReporter -->
<testsuite hostname="DESKTOP-PHIJUU9" failures="0" tests="6" name="Runner.TestRunner" time="221.097" errors="0" timestamp="2022-07-20T11:39:24 IST" skipped="0">
  <testcase classname="Runner.TestRunner" name="runScenario" time="20.206"/>
  <system-out/>
  <testcase classname="Runner.TestRunner" name="runScenario" time="52.845"/>
  <system-out/>
  <testcase classname="Runner.TestRunner" name="runScenario" time="74.781"/>
  <system-out/>
  <testcase classname="Runner.TestRunner" name="runScenario" time="20.081"/>
  <system-out/>
  <testcase classname="Runner.TestRunner" name="runScenario" time="37.164"/>
  <system-out/>
  <testcase classname="Runner.TestRunner" name="runScenario" time="16.020"/>
  <system-out/>
</testsuite> <!-- Runner.TestRunner -->
