<?xml version="1.0" encoding="UTF-8"?>
<!-- Generated by org.testng.reporters.JUnitReportReporter -->
<testsuite hostname="DESKTOP-PHIJUU9" failures="0" tests="5" name="Runner.TestRunner" time="102.112" errors="0" timestamp="2022-07-21T09:40:25 IST" skipped="0">
  <testcase classname="Runner.TestRunner" name="runScenario" time="21.779"/>
  <system-out/>
  <testcase classname="Runner.TestRunner" name="runScenario" time="31.024"/>
  <system-out/>
  <testcase classname="Runner.TestRunner" name="runScenario" time="13.824"/>
  <system-out/>
  <testcase classname="Runner.TestRunner" name="runScenario" time="9.399"/>
  <system-out/>
  <testcase classname="Runner.TestRunner" name="runScenario" time="26.086"/>
  <system-out/>
</testsuite> <!-- Runner.TestRunner -->
