<?xml version="1.0" encoding="UTF-8"?>
<!-- Generated by org.testng.reporters.JUnitReportReporter -->
<testsuite hostname="DESKTOP-PHIJUU9" failures="0" tests="1" name="com.restapi.TopJobsRestAssured.UpdateJob" time="0.141" errors="0" timestamp="2022-07-21T09:28:05 IST" skipped="0">
  <testcase classname="com.restapi.TopJobsRestAssured.UpdateJob" name="updatebyjobid" time="0.141"/>
  <system-out/>
</testsuite> <!-- com.restapi.TopJobsRestAssured.UpdateJob -->
